<?xml version="1.0" encoding="UTF-8"?>
<testsuite xmlns:xsi="http://www.w3.org/2001/XMLSchema-instance" xsi:noNamespaceSchemaLocation="https://maven.apache.org/surefire/maven-surefire-plugin/xsd/surefire-test-report.xsd" name="tests.TransactionValidationServiceTest" time="2.39" tests="9" errors="0" skipped="0" failures="0">
  <properties>
[...]
</properties>
  <testcase name="testInexistentBeneficiaryBank" classname="tests.TransactionValidationServiceTest" time="0.246"/>
  <testcase name="testInexistentSenderAccount" classname="tests.TransactionValidationServiceTest" time="0.235"/>
  <testcase name="testTransferInexistentBeneficiaryAccountBallance" classname="tests.TransactionValidationServiceTest" time="0.236"/>
  <testcase name="testAmmountBiggerSenderAccountBalance" classname="tests.TransactionValidationServiceTest" time="0.262"/>
  <testcase name="testInexistentBeneficiaryAccount" classname="tests.TransactionValidationServiceTest" time="0.243"/>
  <testcase name="testInexistentSenderAccountBalance" classname="tests.TransactionValidationServiceTest" time="0.24"/>
  <testcase name="testTransferInactiveSenderAccount" classname="tests.TransactionValidationServiceTest" time="0.229"/>
  <testcase name="testInexistentCurrency" classname="tests.TransactionValidationServiceTest" time="0.273"/>
  <testcase name="testOtherBeneficiaryBank" classname="tests.TransactionValidationServiceTest" time="0.234"/>
</testsuite>